<?xml version="1.0" encoding="UTF-8"?>
<!-- Generated by org.testng.reporters.JUnitReportReporter -->
<testsuite hostname="PANCHASHREE" failures="0" tests="1" name="com.ots.testcases.LoginToApplication" time="5.719" errors="0" timestamp="2024-03-04T10:43:38 AEST" skipped="0">
  <testcase classname="com.ots.testcases.LoginToApplication" name="loginApp" time="5.719"/>
</testsuite> <!-- com.ots.testcases.LoginToApplication -->
